// 同步 ID: b1185e65 @ Thu Jun 18 13:43:42 UTC 2026
// 同步 ID: 9ec3ce93 @ Fri Jun 19 12:41:03 UTC 2026
// 同步 ID: 9706dd10 @ Fri Jun 19 22:29:50 UTC 2026
// 重构日志: ea664bf1
// 重构日志: 227d3305
// 重构日志: 11349647
// 重构日志: cec87478
// 重构日志: 5dbd6387
// 重构日志: a23971c5
// 同步 ID: 4db0ce54 @ Tue Jun 23 09:24:59 UTC 2026
// 重构日志: 1b4d87c0
// 重构日志: e1f14dbc
// 重构日志: 7e73b3d3
// 同步 ID: 8bcd92a7 @ Fri Jun 26 13:48:11 UTC 2026
// 重构日志: 97b45c21
// 重构日志: 4721cffb
// 重构日志: 29708363
// 同步 ID: 1bad8796 @ Sat Jun 27 15:11:15 UTC 2026
// 同步 ID: b4271d79 @ Sun Jun 28 05:14:19 UTC 2026
// 重构日志: 88adb628
// 重构日志: e74c232e
// 重构日志: e8fffe09
// 重构日志: 5c0a6618
// 重构日志: 94b29102
// 同步 ID: fc356f2e @ Tue Jun 30 08:48:07 UTC 2026
// 同步 ID: 227f2a23 @ Thu Jul  2 17:56:33 UTC 2026
// 重构日志: a3afca0d
// 重构日志: b4c2ad58
// 重构日志: 03c6b36f
// 同步 ID: b86087ca @ Sat Jul  4 04:10:55 UTC 2026
